dccthread.c: In function ‘dccthread_init’:
dccthread.c:159:1: warning: ‘noreturn’ function does return
  159 | }
      | ^
At top level:
dccthread.c:82:13: warning: ‘dccthread_sighandler’ defined but not used [-Wunused-function]
   82 | static void dccthread_sighandler(int signum)
      |             ^~~~~~~~~~~~~~~~~~~~
tests/test11.c: In function ‘tsleep’:
tests/test11.c:11:9: warning: implicit declaration of function ‘dccthread_sleep’; did you mean ‘dccthread_self’? [-Wimplicit-function-declaration]
   11 |         dccthread_sleep(ts);
      |         ^~~~~~~~~~~~~~~
      |         dccthread_self
tests/test11.c: In function ‘tsleep’:
tests/test11.c:11:9: warning: implicit declaration of function ‘dccthread_sleep’; did you mean ‘dccthread_self’? [-Wimplicit-function-declaration]
   11 |         dccthread_sleep(ts);
      |         ^~~~~~~~~~~~~~~
      |         dccthread_self
tests/test12.c: In function ‘tsleep’:
tests/test12.c:11:9: warning: implicit declaration of function ‘dccthread_sleep’; did you mean ‘dccthread_self’? [-Wimplicit-function-declaration]
   11 |         dccthread_sleep(ts);
      |         ^~~~~~~~~~~~~~~
      |         dccthread_self
tests/test12.c: In function ‘tsleep’:
tests/test12.c:11:9: warning: implicit declaration of function ‘dccthread_sleep’; did you mean ‘dccthread_self’? [-Wimplicit-function-declaration]
   11 |         dccthread_sleep(ts);
      |         ^~~~~~~~~~~~~~~
      |         dccthread_self
